<?xml version="1.0" encoding="UTF-8"?>
<!-- Generated by org.testng.reporters.JUnitReportReporter -->
<testsuite skipped="0" hostname="IN01N03985" name="jena.IvyTest" tests="1" failures="0" timestamp="2020-11-15T21:55:40 IST" time="0.167" errors="0">
  <testcase name="createbody" time="0.167" classname="jena.IvyTest"/>
  <system-out/>
</testsuite> <!-- jena.IvyTest -->
